Warning: Cannot symlink from /home/felix/git/DoubleScara-ROS/devel/.private/position_pub/cmake.lock to existing file /home/felix/git/DoubleScara-ROS/devel/./cmake.lock
Warning: Source hash: d41d8cd98f00b204e9800998ecf8427e
Warning: Dest hash: 4253a23bcb9832184a575554dc836899
Warning: Cannot symlink from /home/felix/git/DoubleScara-ROS/devel/.private/position_pub/share/gennodejs/ros/position_pub/_index.js to existing file /home/felix/git/DoubleScara-ROS/devel/share/gennodejs/ros/position_pub/_index.js
Warning: Source hash: b7bb1348e5825b62204ac0fd63440a66
Warning: Dest hash: bbe7a8588d4dffd348747a268332856a
Warning: Cannot symlink from /home/felix/git/DoubleScara-ROS/devel/.private/position_pub/share/gennodejs/ros/position_pub/msg/_index.js to existing file /home/felix/git/DoubleScara-ROS/devel/share/gennodejs/ros/position_pub/msg/_index.js
Warning: Source hash: 002d21afcb21e83cfc33412f17447722
Warning: Dest hash: af5c7be5177a07446178e2663cff7152
Warning: Cannot symlink from /home/felix/git/DoubleScara-ROS/devel/.private/position_pub/share/gennodejs/ros/position_pub/msg/Num.js to existing file /home/felix/git/DoubleScara-ROS/devel/share/gennodejs/ros/position_pub/msg/Num.js
Warning: Source hash: 2247d92f20283f9398ac94ab1e20a351
Warning: Dest hash: e60a4c4942ebef382ee27386fe9199fc
Warning: Cannot symlink from /home/felix/git/DoubleScara-ROS/devel/.private/position_pub/share/roseus/ros/position_pub/manifest.l to existing file /home/felix/git/DoubleScara-ROS/devel/share/roseus/ros/position_pub/manifest.l
Warning: Source hash: 9d0d94a86a595ad6554c791115149aea
Warning: Dest hash: 0404405748b73b292c85f8782db7f33c
Warning: Cannot symlink from /home/felix/git/DoubleScara-ROS/devel/.private/position_pub/share/roseus/ros/position_pub/msg/Num.l to existing file /home/felix/git/DoubleScara-ROS/devel/share/roseus/ros/position_pub/msg/Num.l
Warning: Source hash: c5a8aa0d6e90350816163e4dbd18e176
Warning: Dest hash: be138030c68fbe75c6781e797f33c3c4
Warning: Cannot symlink from /home/felix/git/DoubleScara-ROS/devel/.private/position_pub/share/position_pub/cmake/position_pub-msg-paths.cmake to existing file /home/felix/git/DoubleScara-ROS/devel/share/position_pub/cmake/position_pub-msg-paths.cmake
Warning: Source hash: 3975af9471aa31db1e4d1e340fd4a764
Warning: Dest hash: e4a967690154687c56c612d862ae747e
Warning: Cannot symlink from /home/felix/git/DoubleScara-ROS/devel/.private/position_pub/share/common-lisp/ros/position_pub/msg/_package_Num.lisp to existing file /home/felix/git/DoubleScara-ROS/devel/share/common-lisp/ros/position_pub/msg/_package_Num.lisp
Warning: Source hash: 6aaf09bb8c039cbbc475dc54cd37332e
Warning: Dest hash: 49259367ecd5ab8eb974e0fc479935f2
Warning: Cannot symlink from /home/felix/git/DoubleScara-ROS/devel/.private/position_pub/share/common-lisp/ros/position_pub/msg/_package.lisp to existing file /home/felix/git/DoubleScara-ROS/devel/share/common-lisp/ros/position_pub/msg/_package.lisp
Warning: Source hash: efa55d859a7a6ccb0e7438264a6fc21a
Warning: Dest hash: 6dee7f0ef55d02d4ff934171e22adc57
Warning: Cannot symlink from /home/felix/git/DoubleScara-ROS/devel/.private/position_pub/share/common-lisp/ros/position_pub/msg/position_pub-msg.asd to existing file /home/felix/git/DoubleScara-ROS/devel/share/common-lisp/ros/position_pub/msg/position_pub-msg.asd
Warning: Source hash: 4ead06928c1a164a9e821508cd837c6c
Warning: Dest hash: d55cd0937e87d6ab72e3a0969ede05de
Warning: Cannot symlink from /home/felix/git/DoubleScara-ROS/devel/.private/position_pub/share/common-lisp/ros/position_pub/msg/Num.lisp to existing file /home/felix/git/DoubleScara-ROS/devel/share/common-lisp/ros/position_pub/msg/Num.lisp
Warning: Source hash: b8725a8977b6db83ff1f3390df72d410
Warning: Dest hash: fddafd8441688fe3efcb6076845d61b6
Warning: Cannot symlink from /home/felix/git/DoubleScara-ROS/devel/.private/position_pub/lib/position_pub/talker to existing file /home/felix/git/DoubleScara-ROS/devel/lib/position_pub/talker
Warning: Source hash: 126f0466bd07af593173f0122f6e92e3
Warning: Dest hash: 7f316c7d812e379c31290df1bb67d094
Warning: Cannot symlink from /home/felix/git/DoubleScara-ROS/devel/.private/position_pub/lib/position_pub/listener to existing file /home/felix/git/DoubleScara-ROS/devel/lib/position_pub/listener
Warning: Source hash: 2e6ad9c59f6fa8081a9bb374e6e9465a
Warning: Dest hash: 1abed0965d57b83928cafb87a281def4
Warning: Cannot symlink from /home/felix/git/DoubleScara-ROS/devel/.private/position_pub/lib/python2.7/dist-packages/position_pub/__init__.py to existing file /home/felix/git/DoubleScara-ROS/devel/lib/python2.7/dist-packages/position_pub/__init__.py
Warning: Source hash: d41d8cd98f00b204e9800998ecf8427e
Warning: Dest hash: 198a7b508b4a73199a3a77fb493aaec2
Warning: Cannot symlink from /home/felix/git/DoubleScara-ROS/devel/.private/position_pub/lib/python2.7/dist-packages/position_pub/msg/__init__.py to existing file /home/felix/git/DoubleScara-ROS/devel/lib/python2.7/dist-packages/position_pub/msg/__init__.py
Warning: Source hash: 2310c36a99a74ff9683eb614909604ab
Warning: Dest hash: 8bb86d9e3aefad407ed551406f4ee15f
Warning: Cannot symlink from /home/felix/git/DoubleScara-ROS/devel/.private/position_pub/lib/python2.7/dist-packages/position_pub/msg/_Num.py to existing file /home/felix/git/DoubleScara-ROS/devel/lib/python2.7/dist-packages/position_pub/msg/_Num.py
Warning: Source hash: f63ad6d0b0e4317d2b58ca0cec7bd947
Warning: Dest hash: 8672cf876267ea1f175528c0787e8766
Warning: Cannot symlink from /home/felix/git/DoubleScara-ROS/devel/.private/position_pub/include/position_pub/Num.h to existing file /home/felix/git/DoubleScara-ROS/devel/include/position_pub/Num.h
Warning: Source hash: b6a574af6d402868dac82873986b1e54
Warning: Dest hash: 0371e57db6bd405af1cfa2aec7014016
