Determining if the pthread_create exist failed with the following output:
Change Dir: /home/abdul/Mech_catkin_ws/build/fake_ar_publisher/CMakeFiles/CMakeTmp

Run Build Command:"/usr/bin/make" "cmTC_e6cdd/fast"
/usr/bin/make -f CMakeFiles/cmTC_e6cdd.dir/build.make CMakeFiles/cmTC_e6cdd.dir/build
make[1]: Entering directory '/home/abdul/Mech_catkin_ws/build/fake_ar_publisher/CMakeFiles/CMakeTmp'
Building C object CMakeFiles/cmTC_e6cdd.dir/CheckSymbolExists.c.o
/usr/bin/cc    -o CMakeFiles/cmTC_e6cdd.dir/CheckSymbolExists.c.o   -c /home/abdul/Mech_catkin_ws/build/fake_ar_publisher/CMakeFiles/CMakeTmp/CheckSymbolExists.c
Linking C executable cmTC_e6cdd
/usr/bin/cmake -E cmake_link_script CMakeFiles/cmTC_e6cdd.dir/link.txt --verbose=1
/usr/bin/cc      -rdynamic CMakeFiles/cmTC_e6cdd.dir/CheckSymbolExists.c.o  -o cmTC_e6cdd 
CMakeFiles/cmTC_e6cdd.dir/CheckSymbolExists.c.o: In function `main':
CheckSymbolExists.c:(.text+0x1b): undefined reference to `pthread_create'
collect2: error: ld returned 1 exit status
CMakeFiles/cmTC_e6cdd.dir/build.make:97: recipe for target 'cmTC_e6cdd' failed
make[1]: *** [cmTC_e6cdd] Error 1
make[1]: Leaving directory '/home/abdul/Mech_catkin_ws/build/fake_ar_publisher/CMakeFiles/CMakeTmp'
Makefile:126: recipe for target 'cmTC_e6cdd/fast' failed
make: *** [cmTC_e6cdd/fast] Error 2

File /home/abdul/Mech_catkin_ws/build/fake_ar_publisher/CMakeFiles/CMakeTmp/CheckSymbolExists.c:
/* */
#include <pthread.h>

int main(int argc, char** argv)
{
  (void)argv;
#ifndef pthread_create
  return ((int*)(&pthread_create))[argc];
#else
  (void)argc;
  return 0;
#endif
}

Determining if the function pthread_create exists in the pthreads failed with the following output:
Change Dir: /home/abdul/Mech_catkin_ws/build/fake_ar_publisher/CMakeFiles/CMakeTmp

Run Build Command:"/usr/bin/make" "cmTC_317ed/fast"
/usr/bin/make -f CMakeFiles/cmTC_317ed.dir/build.make CMakeFiles/cmTC_317ed.dir/build
make[1]: Entering directory '/home/abdul/Mech_catkin_ws/build/fake_ar_publisher/CMakeFiles/CMakeTmp'
Building C object CMakeFiles/cmTC_317ed.dir/CheckFunctionExists.c.o
/usr/bin/cc   -DCHECK_FUNCTION_EXISTS=pthread_create   -o CMakeFiles/cmTC_317ed.dir/CheckFunctionExists.c.o   -c /usr/share/cmake-3.10/Modules/CheckFunctionExists.c
Linking C executable cmTC_317ed
/usr/bin/cmake -E cmake_link_script CMakeFiles/cmTC_317ed.dir/link.txt --verbose=1
/usr/bin/cc  -DCHECK_FUNCTION_EXISTS=pthread_create    -rdynamic CMakeFiles/cmTC_317ed.dir/CheckFunctionExists.c.o  -o cmTC_317ed -lpthreads 
/usr/bin/ld: cannot find -lpthreads
collect2: error: ld returned 1 exit status
CMakeFiles/cmTC_317ed.dir/build.make:97: recipe for target 'cmTC_317ed' failed
make[1]: *** [cmTC_317ed] Error 1
make[1]: Leaving directory '/home/abdul/Mech_catkin_ws/build/fake_ar_publisher/CMakeFiles/CMakeTmp'
Makefile:126: recipe for target 'cmTC_317ed/fast' failed
make: *** [cmTC_317ed/fast] Error 2


