[35m[1mScanning dependencies of target std_msgs_generate_messages_nodejs[0m
[  0%] Built target std_msgs_generate_messages_nodejs
[35m[1mScanning dependencies of target _fake_ar_publisher_generate_messages_check_deps_ARMarker[0m
[  0%] Built target _fake_ar_publisher_generate_messages_check_deps_ARMarker
[35m[1mScanning dependencies of target std_msgs_generate_messages_py[0m
[  0%] Built target std_msgs_generate_messages_py
[35m[1mScanning dependencies of target geometry_msgs_generate_messages_py[0m
[  0%] Built target geometry_msgs_generate_messages_py
[35m[1mScanning dependencies of target geometry_msgs_generate_messages_nodejs[0m
[  0%] Built target geometry_msgs_generate_messages_nodejs
[35m[1mScanning dependencies of target std_msgs_generate_messages_lisp[0m
[  0%] Built target std_msgs_generate_messages_lisp
[35m[1mScanning dependencies of target geometry_msgs_generate_messages_lisp[0m
[  0%] Built target geometry_msgs_generate_messages_lisp
[35m[1mScanning dependencies of target rosgraph_msgs_generate_messages_nodejs[0m
[  0%] Built target rosgraph_msgs_generate_messages_nodejs
[35m[1mScanning dependencies of target rosgraph_msgs_generate_messages_py[0m
[  0%] Built target rosgraph_msgs_generate_messages_py
[35m[1mScanning dependencies of target std_msgs_generate_messages_eus[0m
[  0%] Built target std_msgs_generate_messages_eus
[35m[1mScanning dependencies of target geometry_msgs_generate_messages_eus[0m
[  0%] Built target geometry_msgs_generate_messages_eus
[35m[1mScanning dependencies of target rosgraph_msgs_generate_messages_lisp[0m
[  0%] Built target rosgraph_msgs_generate_messages_lisp
[35m[1mScanning dependencies of target rosgraph_msgs_generate_messages_eus[0m
[  0%] Built target rosgraph_msgs_generate_messages_eus
[35m[1mScanning dependencies of target std_msgs_generate_messages_cpp[0m
[  0%] Built target std_msgs_generate_messages_cpp
[35m[1mScanning dependencies of target geometry_msgs_generate_messages_cpp[0m
[  0%] Built target geometry_msgs_generate_messages_cpp
[35m[1mScanning dependencies of target rosgraph_msgs_generate_messages_cpp[0m
[  0%] Built target rosgraph_msgs_generate_messages_cpp
[35m[1mScanning dependencies of target roscpp_generate_messages_py[0m
[  0%] Built target roscpp_generate_messages_py
[35m[1mScanning dependencies of target roscpp_generate_messages_nodejs[0m
[  0%] Built target roscpp_generate_messages_nodejs
[35m[1mScanning dependencies of target roscpp_generate_messages_eus[0m
[  0%] Built target roscpp_generate_messages_eus
[35m[1mScanning dependencies of target roscpp_generate_messages_lisp[0m
[  0%] Built target roscpp_generate_messages_lisp
[35m[1mScanning dependencies of target roscpp_generate_messages_cpp[0m
[  0%] Built target roscpp_generate_messages_cpp
[35m[1mScanning dependencies of target visualization_msgs_generate_messages_lisp[0m
[  0%] Built target visualization_msgs_generate_messages_lisp
[35m[1mScanning dependencies of target visualization_msgs_generate_messages_nodejs[0m
[  0%] Built target visualization_msgs_generate_messages_nodejs
[35m[1mScanning dependencies of target visualization_msgs_generate_messages_cpp[0m
[  0%] Built target visualization_msgs_generate_messages_cpp
[35m[1mScanning dependencies of target visualization_msgs_generate_messages_eus[0m
[  0%] Built target visualization_msgs_generate_messages_eus
[35m[1mScanning dependencies of target visualization_msgs_generate_messages_py[0m
[  0%] Built target visualization_msgs_generate_messages_py
[35m[1mScanning dependencies of target fake_ar_publisher_generate_messages_py[0m
[ 11%] [34m[1mGenerating Python from MSG fake_ar_publisher/ARMarker[0m
[ 22%] [34m[1mGenerating Python msg __init__.py for fake_ar_publisher[0m
[ 22%] Built target fake_ar_publisher_generate_messages_py
[35m[1mScanning dependencies of target fake_ar_publisher_generate_messages_nodejs[0m
[ 33%] [34m[1mGenerating Javascript code from fake_ar_publisher/ARMarker.msg[0m
[ 33%] Built target fake_ar_publisher_generate_messages_nodejs
[35m[1mScanning dependencies of target fake_ar_publisher_generate_messages_lisp[0m
[ 44%] [34m[1mGenerating Lisp code from fake_ar_publisher/ARMarker.msg[0m
[ 44%] Built target fake_ar_publisher_generate_messages_lisp
[35m[1mScanning dependencies of target fake_ar_publisher_generate_messages_eus[0m
[ 55%] [34m[1mGenerating EusLisp code from fake_ar_publisher/ARMarker.msg[0m
[ 66%] [34m[1mGenerating EusLisp manifest code for fake_ar_publisher[0m
[35m[1mScanning dependencies of target fake_ar_publisher_generate_messages_cpp[0m
[ 77%] [34m[1mGenerating C++ code from fake_ar_publisher/ARMarker.msg[0m
[ 77%] Built target fake_ar_publisher_generate_messages_cpp
[ 77%] Built target fake_ar_publisher_generate_messages_eus
[35m[1mScanning dependencies of target fake_ar_publisher_generate_messages[0m
[35m[1mScanning dependencies of target fake_ar_publisher_node[0m
[ 77%] Built target fake_ar_publisher_generate_messages
[ 88%] [32mBuilding CXX object CMakeFiles/fake_ar_publisher_node.dir/src/fake_ar_publisher.cpp.o[0m
[100%] [32m[1mLinking CXX executable /home/abdul/Mech_catkin_ws/devel/.private/fake_ar_publisher/lib/fake_ar_publisher/fake_ar_publisher_node[0m
[100%] Built target fake_ar_publisher_node
